c:\github\terminal3drenderer\terminal.0d64408c\x64\debug\vc143.pdb
c:\github\terminal3drenderer\terminal.0d64408c\x64\debug\vc143.idb
c:\github\terminal3drenderer\terminal.0d64408c\x64\debug\vector.obj
c:\github\terminal3drenderer\terminal.0d64408c\x64\debug\triangle.obj
c:\github\terminal3drenderer\terminal.0d64408c\x64\debug\threadedcamera.obj
c:\github\terminal3drenderer\terminal.0d64408c\x64\debug\renderutils.obj
c:\github\terminal3drenderer\terminal.0d64408c\x64\debug\profiler.obj
c:\github\terminal3drenderer\terminal.0d64408c\x64\debug\point.obj
c:\github\terminal3drenderer\terminal.0d64408c\x64\debug\partialtesting.obj
c:\github\terminal3drenderer\terminal.0d64408c\x64\debug\meshfile.obj
c:\github\terminal3drenderer\terminal.0d64408c\x64\debug\mesh.obj
c:\github\terminal3drenderer\terminal.0d64408c\x64\debug\launcher.obj
c:\github\terminal3drenderer\terminal.0d64408c\x64\debug\frame.obj
c:\github\terminal3drenderer\terminal.0d64408c\x64\debug\camera.obj
c:\github\terminal3drenderer\terminal.0d64408c\x64\debug\angle.obj
c:\github\terminal3drenderer\x64\debug\terminal3drenderer.pdb
c:\github\terminal3drenderer\terminal.0d64408c\x64\debug\terminal.0d64408c.tlog\cl.command.1.tlog
c:\github\terminal3drenderer\terminal.0d64408c\x64\debug\terminal.0d64408c.tlog\cl.read.1.tlog
c:\github\terminal3drenderer\terminal.0d64408c\x64\debug\terminal.0d64408c.tlog\cl.write.1.tlog
c:\github\terminal3drenderer\terminal.0d64408c\x64\debug\terminal.0d64408c.tlog\link-cvtres.read.1.tlog
c:\github\terminal3drenderer\terminal.0d64408c\x64\debug\terminal.0d64408c.tlog\link-cvtres.write.1.tlog
c:\github\terminal3drenderer\terminal.0d64408c\x64\debug\terminal.0d64408c.tlog\link-rc.read.1.tlog
c:\github\terminal3drenderer\terminal.0d64408c\x64\debug\terminal.0d64408c.tlog\link-rc.write.1.tlog
c:\github\terminal3drenderer\terminal.0d64408c\x64\debug\terminal.0d64408c.tlog\link.command.1.tlog
c:\github\terminal3drenderer\terminal.0d64408c\x64\debug\terminal.0d64408c.tlog\link.read.1.tlog
c:\github\terminal3drenderer\terminal.0d64408c\x64\debug\terminal.0d64408c.tlog\link.read.2.tlog
c:\github\terminal3drenderer\terminal.0d64408c\x64\debug\terminal.0d64408c.tlog\link.read.3.tlog
c:\github\terminal3drenderer\terminal.0d64408c\x64\debug\terminal.0d64408c.tlog\link.read.4.tlog
c:\github\terminal3drenderer\terminal.0d64408c\x64\debug\terminal.0d64408c.tlog\link.read.5.tlog
c:\github\terminal3drenderer\terminal.0d64408c\x64\debug\terminal.0d64408c.tlog\link.read.6.tlog
c:\github\terminal3drenderer\terminal.0d64408c\x64\debug\terminal.0d64408c.tlog\link.write.1.tlog
